<?xml version="1.0" encoding="UTF-8"?>
<!-- Generated by org.testng.reporters.JUnitXMLReporter -->
<testsuite hostname="DESKTOP-H37AAN4" ignored="0" name="Default test" tests="3" failures="0" timestamp="23 mar 2019 05:11:44 GMT" time="164.789" errors="0">
  <testcase name="testCT02ValidarCriticaCamposObrigatorios" time="45.087" classname="com.example.tests.CT02ValidarCriticaCamposObrigatorios"/>
  <testcase name="testCT03EnviarMensagem" time="58.749" classname="com.example.tests.CT03EnviarMensagem"/>
  <testcase name="testCT01ValidarLayout" time="27.298" classname="com.example.tests.CT01ValidarLayout"/>
</testsuite> <!-- Default test -->
